[debug] [2021-03-21T19:15:15.947Z] ----------------------------------------------------------------------
[debug] [2021-03-21T19:15:15.951Z] Command:       /usr/local/bin/node /usr/local/bin/firebase serve
[debug] [2021-03-21T19:15:15.951Z] CLI Version:   9.6.1
[debug] [2021-03-21T19:15:15.951Z] Platform:      darwin
[debug] [2021-03-21T19:15:15.951Z] Node Version:  v12.18.3
[debug] [2021-03-21T19:15:15.955Z] Time:          Sun Mar 21 2021 13:15:15 GMT-0600 (GMT-06:00)
[debug] [2021-03-21T19:15:15.955Z] ----------------------------------------------------------------------
[debug] [2021-03-21T19:15:15.955Z] 
[debug] [2021-03-21T19:15:15.973Z] > command requires scopes: ["email","openid","https://www.googleapis.com/auth/cloudplatformprojects.readonly","https://www.googleapis.com/auth/firebase","https://www.googleapis.com/auth/cloud-platform"]
[debug] [2021-03-21T19:15:15.974Z] > authorizing via signed-in user
[debug] [2021-03-21T19:15:15.974Z] [iam] checking project math-operations-b63b4 for permissions ["firebase.projects.get"]
[debug] [2021-03-21T19:15:15.982Z] >>> HTTP REQUEST POST https://cloudresourcemanager.googleapis.com/v1/projects/math-operations-b63b4:testIamPermissions  
 {"permissions":["firebase.projects.get"]}
[debug] [2021-03-21T19:15:16.400Z] <<< HTTP RESPONSE 200 {"content-type":"application/json; charset=UTF-8","vary":"X-Origin, Referer, Origin,Accept-Encoding","date":"Sun, 21 Mar 2021 19:15:16 GMT","server":"ESF","cache-control":"private","x-xss-protection":"0","x-frame-options":"SAMEORIGIN","x-content-type-options":"nosniff","server-timing":"gfet4t7; dur=101","alt-svc":"h3-29=\":443\"; ma=2592000,h3-T051=\":443\"; ma=2592000,h3-Q050=\":443\"; ma=2592000,h3-Q046=\":443\"; ma=2592000,h3-Q043=\":443\"; ma=2592000,quic=\":443\"; ma=2592000; v=\"46,43\"","accept-ranges":"none","transfer-encoding":"chunked"}
[debug] [2021-03-21T19:15:16.404Z] > refreshing access token with scopes: []
[debug] [2021-03-21T19:15:16.404Z] >>> HTTP REQUEST POST https://www.googleapis.com/oauth2/v3/token  
 <request body omitted>
[debug] [2021-03-21T19:15:16.693Z] <<< HTTP RESPONSE 200 {"expires":"Mon, 01 Jan 1990 00:00:00 GMT","date":"Sun, 21 Mar 2021 19:15:16 GMT","pragma":"no-cache","cache-control":"no-cache, no-store, max-age=0, must-revalidate","content-type":"application/json; charset=utf-8","vary":"X-Origin, Referer, Origin,Accept-Encoding","server":"scaffolding on HTTPServer2","x-xss-protection":"0","x-frame-options":"SAMEORIGIN","x-content-type-options":"nosniff","alt-svc":"h3-29=\":443\"; ma=2592000,h3-T051=\":443\"; ma=2592000,h3-Q050=\":443\"; ma=2592000,h3-Q046=\":443\"; ma=2592000,h3-Q043=\":443\"; ma=2592000,quic=\":443\"; ma=2592000; v=\"46,43\"","accept-ranges":"none","transfer-encoding":"chunked"}
[debug] [2021-03-21T19:15:16.727Z] >>> [apiv2][query] GET https://firebase.googleapis.com/v1beta1/projects/math-operations-b63b4 [none]
[debug] [2021-03-21T19:15:17.085Z] <<< [apiv2][status] GET https://firebase.googleapis.com/v1beta1/projects/math-operations-b63b4 200
[debug] [2021-03-21T19:15:17.086Z] <<< [apiv2][body] GET https://firebase.googleapis.com/v1beta1/projects/math-operations-b63b4 {"projectId":"math-operations-b63b4","projectNumber":"399756251938","displayName":"math-operations","name":"projects/math-operations-b63b4","resources":{"hostingSite":"math-operations-b63b4"},"state":"ACTIVE"}
[info] 
[info] === Serving from '/Users/alexandev/Code/api_upload'...
[info] 
[info] ✔  functions: Using node@12 from host. {"metadata":{"emulator":{"name":"functions"},"message":"Using node@12 from host."}}
[debug] [2021-03-21T19:15:17.107Z] defaultcredentials: writing to file /Users/alexandev/.config/firebase/aperezg37_miumg_edu.gt_application_default_credentials.json
[debug] [2021-03-21T19:15:17.110Z] Setting GAC to /Users/alexandev/.config/firebase/aperezg37_miumg_edu.gt_application_default_credentials.json {"metadata":{"emulator":{"name":"functions"},"message":"Setting GAC to /Users/alexandev/.config/firebase/aperezg37_miumg_edu.gt_application_default_credentials.json"}}
[debug] [2021-03-21T19:15:17.112Z] >>> [apiv2][query] GET https://firebase.googleapis.com/v1beta1/projects/math-operations-b63b4/adminSdkConfig [none]
[debug] [2021-03-21T19:15:17.463Z] <<< [apiv2][status] GET https://firebase.googleapis.com/v1beta1/projects/math-operations-b63b4/adminSdkConfig 200
[debug] [2021-03-21T19:15:17.463Z] <<< [apiv2][body] GET https://firebase.googleapis.com/v1beta1/projects/math-operations-b63b4/adminSdkConfig {"projectId":"math-operations-b63b4","storageBucket":"math-operations-b63b4.appspot.com"}
[info] i  functions: Watching "/Users/alexandev/Code/api_upload/functions" for Cloud Functions... {"metadata":{"emulator":{"name":"functions"},"message":"Watching \"/Users/alexandev/Code/api_upload/functions\" for Cloud Functions..."}}
[debug] [2021-03-21T19:15:17.529Z] [worker-pool] addWorker(~diagnostic~) {"metadata":{"emulator":{"name":"functions"},"message":"[worker-pool] addWorker(~diagnostic~)"}}
[debug] [2021-03-21T19:15:17.529Z] [worker-pool] Adding worker with key ~diagnostic~, total=1 {"metadata":{"emulator":{"name":"functions"},"message":"[worker-pool] Adding worker with key ~diagnostic~, total=1"}}
[debug] [2021-03-21T19:15:17.530Z] [worker-pool] submitWork(triggerId=) {"metadata":{"emulator":{"name":"functions"},"message":"[worker-pool] submitWork(triggerId=)"}}
[debug] [2021-03-21T19:15:17.530Z] [worker-~diagnostic~-0f293098-344b-4cbc-94c9-bdbf91bc0fb5]: Assigning socketPath: /var/folders/zf/5mpwkdk10_bdykgqst2f8cjh0000gn/T/fire_emu_3828.sock {"metadata":{"emulator":{"name":"functions"},"message":"[worker-~diagnostic~-0f293098-344b-4cbc-94c9-bdbf91bc0fb5]: Assigning socketPath: /var/folders/zf/5mpwkdk10_bdykgqst2f8cjh0000gn/T/fire_emu_3828.sock"}}
[debug] [2021-03-21T19:15:17.531Z] [worker-~diagnostic~-0f293098-344b-4cbc-94c9-bdbf91bc0fb5]: BUSY {"metadata":{"emulator":{"name":"functions"},"message":"[worker-~diagnostic~-0f293098-344b-4cbc-94c9-bdbf91bc0fb5]: BUSY"}}
[debug] [2021-03-21T19:15:18.085Z] [runtime-status] [3828] Functions runtime initialized. {"cwd":"/Users/alexandev/Code/api_upload/functions","node_version":"12.18.3"} {"metadata":{"emulator":{"name":"functions"},"message":"[runtime-status] [3828] Functions runtime initialized. {\"cwd\":\"/Users/alexandev/Code/api_upload/functions\",\"node_version\":\"12.18.3\"}"}}
[debug] [2021-03-21T19:15:18.116Z] [runtime-status] [3828] Disabled runtime features: undefined {"metadata":{"emulator":{"name":"functions"},"message":"[runtime-status] [3828] Disabled runtime features: undefined"}}
[debug] [2021-03-21T19:15:18.129Z] [runtime-status] [3828] Resolved module firebase-admin {"declared":true,"installed":true,"version":"9.5.0","resolution":"/Users/alexandev/Code/api_upload/functions/node_modules/firebase-admin/lib/index.js"} {"metadata":{"emulator":{"name":"functions"},"message":"[runtime-status] [3828] Resolved module firebase-admin {\"declared\":true,\"installed\":true,\"version\":\"9.5.0\",\"resolution\":\"/Users/alexandev/Code/api_upload/functions/node_modules/firebase-admin/lib/index.js\"}"}}
[debug] [2021-03-21T19:15:18.130Z] [runtime-status] [3828] Resolved module firebase-functions {"declared":true,"installed":true,"version":"3.13.2","resolution":"/Users/alexandev/Code/api_upload/functions/node_modules/firebase-functions/lib/index.js"} {"metadata":{"emulator":{"name":"functions"},"message":"[runtime-status] [3828] Resolved module firebase-functions {\"declared\":true,\"installed\":true,\"version\":\"3.13.2\",\"resolution\":\"/Users/alexandev/Code/api_upload/functions/node_modules/firebase-functions/lib/index.js\"}"}}
[debug] [2021-03-21T19:15:18.134Z] [runtime-status] [3828] Resolved module firebase-functions {"declared":true,"installed":true,"version":"3.13.2","resolution":"/Users/alexandev/Code/api_upload/functions/node_modules/firebase-functions/lib/index.js"} {"metadata":{"emulator":{"name":"functions"},"message":"[runtime-status] [3828] Resolved module firebase-functions {\"declared\":true,\"installed\":true,\"version\":\"3.13.2\",\"resolution\":\"/Users/alexandev/Code/api_upload/functions/node_modules/firebase-functions/lib/index.js\"}"}}
[debug] [2021-03-21T19:15:18.135Z] [runtime-status] [3828] Outgoing network have been stubbed. [{"name":"http","status":"mocked"},{"name":"http","status":"mocked"},{"name":"https","status":"mocked"},{"name":"https","status":"mocked"},{"name":"net","status":"mocked"}] {"metadata":{"emulator":{"name":"functions"},"message":"[runtime-status] [3828] Outgoing network have been stubbed. [{\"name\":\"http\",\"status\":\"mocked\"},{\"name\":\"http\",\"status\":\"mocked\"},{\"name\":\"https\",\"status\":\"mocked\"},{\"name\":\"https\",\"status\":\"mocked\"},{\"name\":\"net\",\"status\":\"mocked\"}]"}}
[debug] [2021-03-21T19:15:18.136Z] [runtime-status] [3828] Resolved module firebase-functions {"declared":true,"installed":true,"version":"3.13.2","resolution":"/Users/alexandev/Code/api_upload/functions/node_modules/firebase-functions/lib/index.js"} {"metadata":{"emulator":{"name":"functions"},"message":"[runtime-status] [3828] Resolved module firebase-functions {\"declared\":true,\"installed\":true,\"version\":\"3.13.2\",\"resolution\":\"/Users/alexandev/Code/api_upload/functions/node_modules/firebase-functions/lib/index.js\"}"}}
[debug] [2021-03-21T19:15:18.242Z] [runtime-status] [3828] Checked functions.config() {"config":{}} {"metadata":{"emulator":{"name":"functions"},"message":"[runtime-status] [3828] Checked functions.config() {\"config\":{}}"}}
[debug] [2021-03-21T19:15:18.243Z] [runtime-status] [3828] firebase-functions has been stubbed. {"functionsResolution":{"declared":true,"installed":true,"version":"3.13.2","resolution":"/Users/alexandev/Code/api_upload/functions/node_modules/firebase-functions/lib/index.js"}} {"metadata":{"emulator":{"name":"functions"},"message":"[runtime-status] [3828] firebase-functions has been stubbed. {\"functionsResolution\":{\"declared\":true,\"installed\":true,\"version\":\"3.13.2\",\"resolution\":\"/Users/alexandev/Code/api_upload/functions/node_modules/firebase-functions/lib/index.js\"}}"}}
[debug] [2021-03-21T19:15:18.244Z] [runtime-status] [3828] Resolved module firebase-functions {"declared":true,"installed":true,"version":"3.13.2","resolution":"/Users/alexandev/Code/api_upload/functions/node_modules/firebase-functions/lib/index.js"} {"metadata":{"emulator":{"name":"functions"},"message":"[runtime-status] [3828] Resolved module firebase-functions {\"declared\":true,\"installed\":true,\"version\":\"3.13.2\",\"resolution\":\"/Users/alexandev/Code/api_upload/functions/node_modules/firebase-functions/lib/index.js\"}"}}
[debug] [2021-03-21T19:15:18.246Z] [runtime-status] [3828] Resolved module firebase-admin {"declared":true,"installed":true,"version":"9.5.0","resolution":"/Users/alexandev/Code/api_upload/functions/node_modules/firebase-admin/lib/index.js"} {"metadata":{"emulator":{"name":"functions"},"message":"[runtime-status] [3828] Resolved module firebase-admin {\"declared\":true,\"installed\":true,\"version\":\"9.5.0\",\"resolution\":\"/Users/alexandev/Code/api_upload/functions/node_modules/firebase-admin/lib/index.js\"}"}}
[debug] [2021-03-21T19:15:18.247Z] [runtime-status] [3828] Resolved module firebase-functions {"declared":true,"installed":true,"version":"3.13.2","resolution":"/Users/alexandev/Code/api_upload/functions/node_modules/firebase-functions/lib/index.js"} {"metadata":{"emulator":{"name":"functions"},"message":"[runtime-status] [3828] Resolved module firebase-functions {\"declared\":true,\"installed\":true,\"version\":\"3.13.2\",\"resolution\":\"/Users/alexandev/Code/api_upload/functions/node_modules/firebase-functions/lib/index.js\"}"}}
[debug] [2021-03-21T19:15:18.247Z] [runtime-status] [3828] firebase-admin has been stubbed. {"adminResolution":{"declared":true,"installed":true,"version":"9.5.0","resolution":"/Users/alexandev/Code/api_upload/functions/node_modules/firebase-admin/lib/index.js"}} {"metadata":{"emulator":{"name":"functions"},"message":"[runtime-status] [3828] firebase-admin has been stubbed. {\"adminResolution\":{\"declared\":true,\"installed\":true,\"version\":\"9.5.0\",\"resolution\":\"/Users/alexandev/Code/api_upload/functions/node_modules/firebase-admin/lib/index.js\"}}"}}
[debug] [2021-03-21T19:15:18.250Z] [worker-~diagnostic~-0f293098-344b-4cbc-94c9-bdbf91bc0fb5]: IDLE {"metadata":{"emulator":{"name":"functions"},"message":"[worker-~diagnostic~-0f293098-344b-4cbc-94c9-bdbf91bc0fb5]: IDLE"}}
